<?xml version="1.0" encoding="UTF-8"?>
<!-- Generated by org.testng.reporters.JUnitReportReporter -->
<testsuite hostname="DESKTOP-S8G8MUG" failures="0" tests="1" name="runner.RunnerClassOrderProduct" time="0.229" errors="0" timestamp="2024-05-27T23:29:49 IST" skipped="0">
  <testcase classname="runner.RunnerClassOrderProduct" name="runScenario" time="0.229"/>
  <system-out/>
</testsuite> <!-- runner.RunnerClassOrderProduct -->
