<?xml version="1.0" encoding="UTF-8"?>
<!-- Generated by org.testng.reporters.JUnitReportReporter -->
<testsuite hostname="DESKTOP-S8G8MUG" failures="0" tests="3" name="runner.RunnerClass" time="0.276" errors="0" timestamp="2024-05-27T21:41:59 IST" skipped="0">
  <testcase classname="runner.RunnerClass" name="runScenario" time="0.218"/>
  <system-out/>
  <testcase classname="runner.RunnerClass" name="runScenario" time="0.022"/>
  <system-out/>
  <testcase classname="runner.RunnerClass" name="runScenario" time="0.036"/>
  <system-out/>
</testsuite> <!-- runner.RunnerClass -->
