<?xml version="1.0" encoding="UTF-8"?>
<!-- Generated by org.testng.reporters.JUnitReportReporter -->
<testsuite hostname="DESKTOP-S8G8MUG" failures="0" tests="1" name="runner.Tags_UnderstandRunnerClass" time="0.262" errors="0" timestamp="2024-06-11T23:40:33 IST" skipped="0">
  <testcase classname="runner.Tags_UnderstandRunnerClass" name="runScenario" time="0.262"/>
  <system-out/>
</testsuite> <!-- runner.Tags_UnderstandRunnerClass -->
