<?xml version="1.0" encoding="UTF-8"?>
<!-- Generated by org.testng.reporters.JUnitReportReporter -->
<testsuite hostname="DESKTOP-S8G8MUG" failures="0" tests="1" name="runner.RunnerClassDataTable" time="0.263" errors="0" timestamp="2024-06-05T23:03:00 IST" skipped="0">
  <testcase classname="runner.RunnerClassDataTable" name="runScenario" time="0.263"/>
  <system-out/>
</testsuite> <!-- runner.RunnerClassDataTable -->
