<?xml version="1.0" encoding="UTF-8"?>
<!-- Generated by org.testng.reporters.JUnitReportReporter -->
<testsuite hostname="DESKTOP-S8G8MUG" failures="0" tests="2" name="runner.RunnerClassPassingInteger" time="0.299" errors="0" timestamp="2024-05-29T21:28:19 IST" skipped="0">
  <testcase classname="runner.RunnerClassPassingInteger" name="runScenario" time="0.249"/>
  <system-out/>
  <testcase classname="runner.RunnerClassPassingInteger" name="runScenario" time="0.050"/>
  <system-out/>
</testsuite> <!-- runner.RunnerClassPassingInteger -->
