<?xml version="1.0" encoding="UTF-8"?>
<!-- Generated by org.testng.reporters.JUnitReportReporter -->
<testsuite hostname="DESKTOP-S8G8MUG" failures="0" tests="4" name="runner.RunnerClassScenarioOutline" time="0.349" errors="0" timestamp="2024-05-29T20:46:04 IST" skipped="0">
  <testcase classname="runner.RunnerClassScenarioOutline" name="runScenario" time="0.041"/>
  <system-out/>
  <testcase classname="runner.RunnerClassScenarioOutline" name="runScenario" time="0.055"/>
  <system-out/>
  <testcase classname="runner.RunnerClassScenarioOutline" name="runScenario" time="0.216"/>
  <system-out/>
  <testcase classname="runner.RunnerClassScenarioOutline" name="runScenario" time="0.037"/>
  <system-out/>
</testsuite> <!-- runner.RunnerClassScenarioOutline -->
