<?xml version="1.0" encoding="UTF-8"?>
<!-- Generated by org.testng.reporters.JUnitReportReporter -->
<testsuite hostname="DESKTOP-KR2Q3EV" failures="0" tests="1" name="runner.RunnerClassTaggedHook" time="0.396" errors="0" timestamp="2024-10-12T02:17:46 IST" skipped="0">
  <testcase classname="runner.RunnerClassTaggedHook" name="runScenario" time="0.396"/>
  <system-out/>
</testsuite> <!-- runner.RunnerClassTaggedHook -->
